<?xml version="1.0" encoding="utf-8"?>
<TestRun id="cfafd30d-6a05-4b4b-bad7-7641f8e27cc5" name="@sat12-bq152-442534cc-705d-4571-a78c-11cdd086368e-120C364931AA 2026-08-21 16:00:35.8074290" xmlns="http://microsoft.com/schemas/VisualStudio/TeamTest/2010">
  <Times creation="2026-08-21T16:00:22.220511Z" queuing="2026-08-21T16:00:22.220511Z" start="2026-08-21T16:00:22.220511Z" finish="2026-08-21T16:00:35.807694Z" />
  <TestSettings name="default" id="1edd0b0d-9fe2-4fcc-911e-36dd8c3e722a">
    <Deployment runDeploymentRoot="_sat12-bq152-442534cc-705d-4571-a78c-11cdd086368e-120C364931AA_2026-08-21_16_00_35.8074290" />
  </TestSettings>
  <Results>
    <UnitTestResult executionId="eb4e5aab-1461-47ce-a381-7867af8a57ce" testId="561fa2f7-4d3f-4b91-70a0-1ab55eabf1b0" testName="Help" computerName="sat12-bq152-442534cc-705d-4571-a78c-11cdd086368e-120C364931AA" duration="00:00:00.5996150" startTime="2026-08-21T16:00:23.8086700+00:00" endTime="2026-08-21T16:00:24.4082850+00:00" testType="13CDC9D9-DDB5-4fa4-A97D-D965CCFC6D4B" outcome="Passed" testListId="8C84FA94-04C1-424b-9868-57A2D4851A1D" relativeResultsDirectory="eb4e5aab-1461-47ce-a381-7867af8a57ce" />
    <UnitTestResult executionId="958576cf-0ada-4223-9153-999845ae378f" testId="e73b818d-8458-1f68-2892-8cb90d8636d3" testName="Version" computerName="sat12-bq152-442534cc-705d-4571-a78c-11cdd086368e-120C364931AA" duration="00:00:00.5998090" startTime="2026-08-21T16:00:23.8086610+00:00" endTime="2026-08-21T16:00:24.4084700+00:00" testType="13CDC9D9-DDB5-4fa4-A97D-D965CCFC6D4B" outcome="Passed" testListId="8C84FA94-04C1-424b-9868-57A2D4851A1D" relativeResultsDirectory="958576cf-0ada-4223-9153-999845ae378f">
      <Output>
        <StdOut>📁 /Users/runner/work/nugraph/nugraph/tests/GlobalTool 🛠️ dotnet pack /Users/runner/work/nugraph/nugraph/src/nugraph/nugraph.csproj --output /Users/runner/work/nugraph/nugraph/tests/GlobalTool --getProperty:PackageVersion --no-build --configuration Release
==&gt; out: 0.5.1-alpha.0.55
📁 /Users/runner/work/nugraph/nugraph/tests/GlobalTool 🛠️ dotnet tool list --global nugraph
==&gt; out: Package Id      Version      Commands
==&gt; out: -------------------------------------
📁 /Users/runner/work/nugraph/nugraph/tests/GlobalTool 🛠️ dotnet tool install nugraph --global --version 0.5.1-alpha.0.55 --add-source /Users/runner/work/nugraph/nugraph/tests/GlobalTool
==&gt; out: Skipping NuGet package signature verification.
==&gt; out: You can invoke the tool using the following command: nugraph
==&gt; out: Tool 'nugraph' (version '0.5.1-alpha.0.55') was successfully installed.
</StdOut>
      </Output>
    </UnitTestResult>
    <UnitTestResult executionId="66aa29a6-5e8d-422d-a676-85e73a6f18b7" testId="7fb482d8-99af-e985-650f-2f16e2ef2431" testName="BadUrlOption" computerName="sat12-bq152-442534cc-705d-4571-a78c-11cdd086368e-120C364931AA" duration="00:00:00.6011320" startTime="2026-08-21T16:00:23.8088740+00:00" endTime="2026-08-21T16:00:24.4100060+00:00" testType="13CDC9D9-DDB5-4fa4-A97D-D965CCFC6D4B" outcome="Passed" testListId="8C84FA94-04C1-424b-9868-57A2D4851A1D" relativeResultsDirectory="66aa29a6-5e8d-422d-a676-85e73a6f18b7" />
    <UnitTestResult executionId="1db544f3-b4c7-46bb-b620-cdb19eaa1ebf" testId="cf57f873-e1ba-aefc-f07a-2b4b4aee6134" testName="Package_Serilog_UnsupportedTargetFramework(--framework)" computerName="sat12-bq152-442534cc-705d-4571-a78c-11cdd086368e-120C364931AA" duration="00:00:00.7516150" startTime="2026-08-21T16:00:24.4156170+00:00" endTime="2026-08-21T16:00:25.1672320+00:00" testType="13CDC9D9-DDB5-4fa4-A97D-D965CCFC6D4B" outcome="Passed" testListId="8C84FA94-04C1-424b-9868-57A2D4851A1D" relativeResultsDirectory="1db544f3-b4c7-46bb-b620-cdb19eaa1ebf" />
    <UnitTestResult executionId="4c5ef8d6-3398-49d5-aeae-724e394ea360" testId="b1e9cbfd-c027-7d76-b679-f9a8e6242926" testName="Package_Serilog_UnsupportedTargetFramework(-f)" computerName="sat12-bq152-442534cc-705d-4571-a78c-11cdd086368e-120C364931AA" duration="00:00:00.7775230" startTime="2026-08-21T16:00:24.4158850+00:00" endTime="2026-08-21T16:00:25.1934080+00:00" testType="13CDC9D9-DDB5-4fa4-A97D-D965CCFC6D4B" outcome="Passed" testListId="8C84FA94-04C1-424b-9868-57A2D4851A1D" relativeResultsDirectory="4c5ef8d6-3398-49d5-aeae-724e394ea360" />
    <UnitTestResult executionId="704b2825-8055-4b0b-9a1a-4f2cbd3c260e" testId="af17c6ea-d514-519b-4906-6c062086fa94" testName="Package_DoesNotExist" computerName="sat12-bq152-442534cc-705d-4571-a78c-11cdd086368e-120C364931AA" duration="00:00:01.7520830" startTime="2026-08-21T16:00:23.8841730+00:00" endTime="2026-08-21T16:00:25.6362560+00:00" testType="13CDC9D9-DDB5-4fa4-A97D-D965CCFC6D4B" outcome="Passed" testListId="8C84FA94-04C1-424b-9868-57A2D4851A1D" relativeResultsDirectory="704b2825-8055-4b0b-9a1a-4f2cbd3c260e" />
    <UnitTestResult executionId="b9d3cd40-a5a6-40bd-a1a5-d1204511b248" testId="1761cd27-c8d8-7c51-a43a-92e2717289de" testName="Project_SolutionFile" computerName="sat12-bq152-442534cc-705d-4571-a78c-11cdd086368e-120C364931AA" duration="00:00:00.9977540" startTime="2026-08-21T16:00:25.6365770+00:00" endTime="2026-08-21T16:00:26.6343310+00:00" testType="13CDC9D9-DDB5-4fa4-A97D-D965CCFC6D4B" outcome="Passed" testListId="8C84FA94-04C1-424b-9868-57A2D4851A1D" relativeResultsDirectory="b9d3cd40-a5a6-40bd-a1a5-d1204511b248" />
    <UnitTestResult executionId="100e7bcf-284c-4dcd-a532-585354598a61" testId="6887db62-b5f1-969c-1824-d944a0039d1d" testName="Diagnose" computerName="sat12-bq152-442534cc-705d-4571-a78c-11cdd086368e-120C364931AA" duration="00:00:01.6776260" startTime="2026-08-21T16:00:26.6346850+00:00" endTime="2026-08-21T16:00:28.3123110+00:00" testType="13CDC9D9-DDB5-4fa4-A97D-D965CCFC6D4B" outcome="Passed" testListId="8C84FA94-04C1-424b-9868-57A2D4851A1D" relativeResultsDirectory="100e7bcf-284c-4dcd-a532-585354598a61" />
    <UnitTestResult executionId="f5b7ae6e-592a-4c76-8289-ee320f43f7b4" testId="9d054fd2-1ec4-00f3-3f5b-9418e2173bad" testName="Project_NoProject" computerName="sat12-bq152-442534cc-705d-4571-a78c-11cdd086368e-120C364931AA" duration="00:00:01.2103670" startTime="2026-08-21T16:00:28.3126600+00:00" endTime="2026-08-21T16:00:29.5230270+00:00" testType="13CDC9D9-DDB5-4fa4-A97D-D965CCFC6D4B" outcome="Passed" testListId="8C84FA94-04C1-424b-9868-57A2D4851A1D" relativeResultsDirectory="f5b7ae6e-592a-4c76-8289-ee320f43f7b4" />
    <UnitTestResult executionId="6299c324-589b-4c7d-9167-f3420271deb5" testId="3d8c6802-7925-625b-fabe-a39699254c82" testName="BadUrlOption" computerName="sat12-bq152-442534cc-705d-4571-a78c-11cdd086368e-120C364931AA" duration="00:00:00.1909350" startTime="2026-08-21T16:00:29.5234880+00:00" endTime="2026-08-21T16:00:29.7144230+00:00" testType="13CDC9D9-DDB5-4fa4-A97D-D965CCFC6D4B" outcome="Passed" testListId="8C84FA94-04C1-424b-9868-57A2D4851A1D" relativeResultsDirectory="6299c324-589b-4c7d-9167-f3420271deb5" />
    <UnitTestResult executionId="4cf843a6-dd82-49cc-b0db-b87f9a484a24" testId="19d49f7f-36d0-4648-75ec-a8ce92c00e33" testName="Project_nugraph_WorkingDirectory" computerName="sat12-bq152-442534cc-705d-4571-a78c-11cdd086368e-120C364931AA" duration="00:00:05.3602510" startTime="2026-08-21T16:00:24.4158910+00:00" endTime="2026-08-21T16:00:29.7761420+00:00" testType="13CDC9D9-DDB5-4fa4-A97D-D965CCFC6D4B" outcome="Passed" testListId="8C84FA94-04C1-424b-9868-57A2D4851A1D" relativeResultsDirectory="4cf843a6-dd82-49cc-b0db-b87f9a484a24" />
    <UnitTestResult executionId="47fa482e-3dd5-4821-9284-0c22e8760eb3" testId="262f6cc0-984a-a9cc-3674-51650c222b43" testName="Version" computerName="sat12-bq152-442534cc-705d-4571-a78c-11cdd086368e-120C364931AA" duration="00:00:00.0011950" startTime="2026-08-21T16:00:29.7764690+00:00" endTime="2026-08-21T16:00:29.7776640+00:00" testType="13CDC9D9-DDB5-4fa4-A97D-D965CCFC6D4B" outcome="Passed" testListId="8C84FA94-04C1-424b-9868-57A2D4851A1D" relativeResultsDirectory="47fa482e-3dd5-4821-9284-0c22e8760eb3" />
    <UnitTestResult executionId="13eb650b-bdcd-40f0-96eb-7936cdbfa6e9" testId="5572c7d6-c04e-2d0f-25bf-b7cd7adc54d0" testName="Help" computerName="sat12-bq152-442534cc-705d-4571-a78c-11cdd086368e-120C364931AA" duration="00:00:00.0234160" startTime="2026-08-21T16:00:29.7778190+00:00" endTime="2026-08-21T16:00:29.8012350+00:00" testType="13CDC9D9-DDB5-4fa4-A97D-D965CCFC6D4B" outcome="Passed" testListId="8C84FA94-04C1-424b-9868-57A2D4851A1D" relativeResultsDirectory="13eb650b-bdcd-40f0-96eb-7936cdbfa6e9" />
    <UnitTestResult executionId="a3f26ef1-c00f-4b26-93ad-6b456341e42a" testId="3ce3bab3-f73c-6e32-6ad4-847813a78dc2" testName="Project_nugraph_ExplicitDirectory" computerName="sat12-bq152-442534cc-705d-4571-a78c-11cdd086368e-120C364931AA" duration="00:00:04.6889600" startTime="2026-08-21T16:00:25.1676470+00:00" endTime="2026-08-21T16:00:29.8566070+00:00" testType="13CDC9D9-DDB5-4fa4-A97D-D965CCFC6D4B" outcome="Passed" testListId="8C84FA94-04C1-424b-9868-57A2D4851A1D" relativeResultsDirectory="a3f26ef1-c00f-4b26-93ad-6b456341e42a" />
    <UnitTestResult executionId="913ccffd-8d5c-4bdc-9d60-74eb41fda612" testId="2d1b65f6-d8e9-8669-4f96-a681dfe5311b" testName="Project_mmd_ProjectFile" computerName="sat12-bq152-442534cc-705d-4571-a78c-11cdd086368e-120C364931AA" duration="00:00:05.2332750" startTime="2026-08-21T16:00:25.1939340+00:00" endTime="2026-08-21T16:00:30.4272090+00:00" testType="13CDC9D9-DDB5-4fa4-A97D-D965CCFC6D4B" outcome="Passed" testListId="8C84FA94-04C1-424b-9868-57A2D4851A1D" relativeResultsDirectory="913ccffd-8d5c-4bdc-9d60-74eb41fda612" />
    <UnitTestResult executionId="cfc7b6da-fd3d-40c9-a3fc-07b50833be76" testId="b67766bc-2a11-4968-c2fb-e0c40b67d006" testName="Project_SolutionFile" computerName="sat12-bq152-442534cc-705d-4571-a78c-11cdd086368e-120C364931AA" duration="00:00:00.8005800" startTime="2026-08-21T16:00:29.7149680+00:00" endTime="2026-08-21T16:00:30.5155480+00:00" testType="13CDC9D9-DDB5-4fa4-A97D-D965CCFC6D4B" outcome="Passed" testListId="8C84FA94-04C1-424b-9868-57A2D4851A1D" relativeResultsDirectory="cfc7b6da-fd3d-40c9-a3fc-07b50833be76" />
    <UnitTestResult executionId="3756f5c9-ea88-4e65-9c4a-2db2dc38bc5b" testId="56a4ca54-7a99-d359-d160-df7fb4b5bc49" testName="Package_Serilog_401_net60_IncludeVersion(-s)" computerName="sat12-bq152-442534cc-705d-4571-a78c-11cdd086368e-120C364931AA" duration="00:00:07.0410230" startTime="2026-08-21T16:00:23.9640330+00:00" endTime="2026-08-21T16:00:31.0050560+00:00" testType="13CDC9D9-DDB5-4fa4-A97D-D965CCFC6D4B" outcome="Passed" testListId="8C84FA94-04C1-424b-9868-57A2D4851A1D" relativeResultsDirectory="3756f5c9-ea88-4e65-9c4a-2db2dc38bc5b" />
    <UnitTestResult executionId="32f3959f-d075-4f0e-9db5-82c2a9f58cc9" testId="0c93f51d-65ab-0462-5b92-4a4138d55efd" testName="Package_Serilog_401_net60" computerName="sat12-bq152-442534cc-705d-4571-a78c-11cdd086368e-120C364931AA" duration="00:00:07.1342360" startTime="2026-08-21T16:00:24.0338640+00:00" endTime="2026-08-21T16:00:31.1681000+00:00" testType="13CDC9D9-DDB5-4fa4-A97D-D965CCFC6D4B" outcome="Passed" testListId="8C84FA94-04C1-424b-9868-57A2D4851A1D" relativeResultsDirectory="32f3959f-d075-4f0e-9db5-82c2a9f58cc9" />
    <UnitTestResult executionId="d5a3fdbc-0948-41b3-a53d-ee9c548abffe" testId="97716bfe-370e-a490-ed25-d4339eeb11b8" testName="Package_Serilog_401_net60_IncludeVersion(--include-version)" computerName="sat12-bq152-442534cc-705d-4571-a78c-11cdd086368e-120C364931AA" duration="00:00:07.2560990" startTime="2026-08-21T16:00:23.9894370+00:00" endTime="2026-08-21T16:00:31.2455360+00:00" testType="13CDC9D9-DDB5-4fa4-A97D-D965CCFC6D4B" outcome="Passed" testListId="8C84FA94-04C1-424b-9868-57A2D4851A1D" relativeResultsDirectory="d5a3fdbc-0948-41b3-a53d-ee9c548abffe" />
    <UnitTestResult executionId="c156c174-dbe3-4588-afe6-32c64f237bb7" testId="a4505150-f982-d711-dedd-914e2b414eb4" testName="Project_NoProject" computerName="sat12-bq152-442534cc-705d-4571-a78c-11cdd086368e-120C364931AA" duration="00:00:00.4331520" startTime="2026-08-21T16:00:31.1683830+00:00" endTime="2026-08-21T16:00:31.6015350+00:00" testType="13CDC9D9-DDB5-4fa4-A97D-D965CCFC6D4B" outcome="Passed" testListId="8C84FA94-04C1-424b-9868-57A2D4851A1D" relativeResultsDirectory="c156c174-dbe3-4588-afe6-32c64f237bb7" />
    <UnitTestResult executionId="d21cf5cb-8133-413b-b7e8-665148ba7a98" testId="a3cf568b-c20f-bfc8-aa1b-5c665fdce458" testName="Package_DockerRunner_MermaidSvg" computerName="sat12-bq152-442534cc-705d-4571-a78c-11cdd086368e-120C364931AA" duration="00:00:07.8692500" startTime="2026-08-21T16:00:23.9628660+00:00" endTime="2026-08-21T16:00:31.8321160+00:00" testType="13CDC9D9-DDB5-4fa4-A97D-D965CCFC6D4B" outcome="Passed" testListId="8C84FA94-04C1-424b-9868-57A2D4851A1D" relativeResultsDirectory="d21cf5cb-8133-413b-b7e8-665148ba7a98" />
    <UnitTestResult executionId="d14fe731-218c-4f83-b677-c11fdfd71439" testId="3a5cb697-7c7e-2a4f-0010-c7fd1dbe052d" testName="Package_Serilog" computerName="sat12-bq152-442534cc-705d-4571-a78c-11cdd086368e-120C364931AA" duration="00:00:08.0684480" startTime="2026-08-21T16:00:23.8086680+00:00" endTime="2026-08-21T16:00:31.8771160+00:00" testType="13CDC9D9-DDB5-4fa4-A97D-D965CCFC6D4B" outcome="Passed" testListId="8C84FA94-04C1-424b-9868-57A2D4851A1D" relativeResultsDirectory="d14fe731-218c-4f83-b677-c11fdfd71439" />
    <UnitTestResult executionId="5201d7e5-70a3-443e-b624-c4b745f4bca3" testId="3e86130d-7bef-6468-c0dc-6df10b51faa6" testName="Package_Serilog_UnsupportedTargetFramework(--framework)" computerName="sat12-bq152-442534cc-705d-4571-a78c-11cdd086368e-120C364931AA" duration="00:00:00.0379320" startTime="2026-08-21T16:00:31.8774010+00:00" endTime="2026-08-21T16:00:31.9153330+00:00" testType="13CDC9D9-DDB5-4fa4-A97D-D965CCFC6D4B" outcome="Passed" testListId="8C84FA94-04C1-424b-9868-57A2D4851A1D" relativeResultsDirectory="5201d7e5-70a3-443e-b624-c4b745f4bca3" />
    <UnitTestResult executionId="37a0fa96-969c-40fb-b0c8-abc768f39881" testId="8b122a8e-d644-feb1-9273-23913c85a623" testName="Package_Serilog_UnsupportedTargetFramework(-f)" computerName="sat12-bq152-442534cc-705d-4571-a78c-11cdd086368e-120C364931AA" duration="00:00:00.0432460" startTime="2026-08-21T16:00:31.9155350+00:00" endTime="2026-08-21T16:00:31.9587810+00:00" testType="13CDC9D9-DDB5-4fa4-A97D-D965CCFC6D4B" outcome="Passed" testListId="8C84FA94-04C1-424b-9868-57A2D4851A1D" relativeResultsDirectory="37a0fa96-969c-40fb-b0c8-abc768f39881" />
    <UnitTestResult executionId="a805c221-68f9-40d6-b179-f50177813d5b" testId="178964fa-1461-35c3-24b4-a271b6a5ced9" testName="Package_DockerRunner_GraphvizSvg" computerName="sat12-bq152-442534cc-705d-4571-a78c-11cdd086368e-120C364931AA" duration="00:00:08.0660610" startTime="2026-08-21T16:00:23.9308770+00:00" endTime="2026-08-21T16:00:31.9969380+00:00" testType="13CDC9D9-DDB5-4fa4-A97D-D965CCFC6D4B" outcome="Passed" testListId="8C84FA94-04C1-424b-9868-57A2D4851A1D" relativeResultsDirectory="a805c221-68f9-40d6-b179-f50177813d5b" />
    <UnitTestResult executionId="d7834439-86ec-457e-bb5a-ed690c33b97c" testId="538c90aa-bbb0-df11-6e8d-0179900547f7" testName="Package_OpenTelemetryAutoInstrumentation_FallbackToNet80TargetFrameworkFromDependencyGroups" computerName="sat12-bq152-442534cc-705d-4571-a78c-11cdd086368e-120C364931AA" duration="00:00:08.1457490" startTime="2026-08-21T16:00:23.9080500+00:00" endTime="2026-08-21T16:00:32.0537990+00:00" testType="13CDC9D9-DDB5-4fa4-A97D-D965CCFC6D4B" outcome="Passed" testListId="8C84FA94-04C1-424b-9868-57A2D4851A1D" relativeResultsDirectory="d7834439-86ec-457e-bb5a-ed690c33b97c" />
    <UnitTestResult executionId="ad88593f-b1cc-4913-a6f9-ee06128fb4d9" testId="3f09aeba-70b6-16a1-eb44-178dab4c6ba2" testName="Package_DoesNotExist" computerName="sat12-bq152-442534cc-705d-4571-a78c-11cdd086368e-120C364931AA" duration="00:00:00.7939860" startTime="2026-08-21T16:00:31.8324280+00:00" endTime="2026-08-21T16:00:32.6264140+00:00" testType="13CDC9D9-DDB5-4fa4-A97D-D965CCFC6D4B" outcome="Passed" testListId="8C84FA94-04C1-424b-9868-57A2D4851A1D" relativeResultsDirectory="ad88593f-b1cc-4913-a6f9-ee06128fb4d9" />
    <UnitTestResult executionId="406a9929-7e90-43d5-b178-c68d4f756ffe" testId="5b59d449-87c4-25d3-8d3e-715e38f3da0d" testName="Package_Serilog_WorkingDirectoryUsingArcadeSdk" computerName="sat12-bq152-442534cc-705d-4571-a78c-11cdd086368e-120C364931AA" duration="00:00:08.0957880" startTime="2026-08-21T16:00:24.0628250+00:00" endTime="2026-08-21T16:00:32.1586130+00:00" testType="13CDC9D9-DDB5-4fa4-A97D-D965CCFC6D4B" outcome="Passed" testListId="8C84FA94-04C1-424b-9868-57A2D4851A1D" relativeResultsDirectory="406a9929-7e90-43d5-b178-c68d4f756ffe">
      <Output>
        <StdOut>📁 /Users/runner/work/nugraph/nugraph/tests/GlobalTool 🛠️ dotnet tool uninstall --global nugraph
==&gt; out: Tool 'nugraph' (version '0.5.1-alpha.0.55') was successfully uninstalled.
</StdOut>
      </Output>
    </UnitTestResult>
    <UnitTestResult executionId="80eda04a-6f88-4702-9d7a-096bd8b328f2" testId="d0fab63e-0c02-1aa2-f0d3-b577f0032fd4" testName="Diagnose" computerName="sat12-bq152-442534cc-705d-4571-a78c-11cdd086368e-120C364931AA" duration="00:00:00.2637110" startTime="2026-08-21T16:00:32.6362000+00:00" endTime="2026-08-21T16:00:32.8999110+00:00" testType="13CDC9D9-DDB5-4fa4-A97D-D965CCFC6D4B" outcome="Passed" testListId="8C84FA94-04C1-424b-9868-57A2D4851A1D" relativeResultsDirectory="80eda04a-6f88-4702-9d7a-096bd8b328f2" />
    <UnitTestResult executionId="f29e55b2-3d5a-476e-959c-d43c34f99233" testId="26c80844-ec2e-3571-8693-08542b20a91e" testName="Package_Serilog_401_net60_IncludeVersion(--include-version)" computerName="sat12-bq152-442534cc-705d-4571-a78c-11cdd086368e-120C364931AA" duration="00:00:04.0301500" startTime="2026-08-21T16:00:30.5157940+00:00" endTime="2026-08-21T16:00:34.5459440+00:00" testType="13CDC9D9-DDB5-4fa4-A97D-D965CCFC6D4B" outcome="Passed" testListId="8C84FA94-04C1-424b-9868-57A2D4851A1D" relativeResultsDirectory="f29e55b2-3d5a-476e-959c-d43c34f99233" />
    <UnitTestResult executionId="666c4c1b-0aa2-4dd7-9599-8bf748da55af" testId="e2e72203-7b11-4eb7-d6ca-8b4383f80a33" testName="Project_nugraph_ExplicitDirectory" computerName="sat12-bq152-442534cc-705d-4571-a78c-11cdd086368e-120C364931AA" duration="00:00:02.6505220" startTime="2026-08-21T16:00:31.9972720+00:00" endTime="2026-08-21T16:00:34.6477940+00:00" testType="13CDC9D9-DDB5-4fa4-A97D-D965CCFC6D4B" outcome="Passed" testListId="8C84FA94-04C1-424b-9868-57A2D4851A1D" relativeResultsDirectory="666c4c1b-0aa2-4dd7-9599-8bf748da55af" />
    <UnitTestResult executionId="40a64941-bb1f-4e68-8db5-3c83521f0626" testId="76728aaa-66cc-4262-57a0-dd80a114ad9e" testName="Package_Serilog" computerName="sat12-bq152-442534cc-705d-4571-a78c-11cdd086368e-120C364931AA" duration="00:00:05.0904110" startTime="2026-08-21T16:00:29.8015460+00:00" endTime="2026-08-21T16:00:34.8919570+00:00" testType="13CDC9D9-DDB5-4fa4-A97D-D965CCFC6D4B" outcome="Passed" testListId="8C84FA94-04C1-424b-9868-57A2D4851A1D" relativeResultsDirectory="40a64941-bb1f-4e68-8db5-3c83521f0626" />
    <UnitTestResult executionId="e9ece8b0-36d1-4afe-8cca-a6d583accd9a" testId="d9ff7c9c-9294-f9d4-0e25-42a44ec0a8ce" testName="Project_nugraph_WorkingDirectory" computerName="sat12-bq152-442534cc-705d-4571-a78c-11cdd086368e-120C364931AA" duration="00:00:02.9459040" startTime="2026-08-21T16:00:31.9591160+00:00" endTime="2026-08-21T16:00:34.9050200+00:00" testType="13CDC9D9-DDB5-4fa4-A97D-D965CCFC6D4B" outcome="Passed" testListId="8C84FA94-04C1-424b-9868-57A2D4851A1D" relativeResultsDirectory="e9ece8b0-36d1-4afe-8cca-a6d583accd9a" />
    <UnitTestResult executionId="b1134d9e-0fe8-4bca-b75a-e9423a1d83c4" testId="00b48606-5f00-b3f5-02f3-46956bbf37dd" testName="Project_mmd_ProjectFile" computerName="sat12-bq152-442534cc-705d-4571-a78c-11cdd086368e-120C364931AA" duration="00:00:03.2946780" startTime="2026-08-21T16:00:32.0540900+00:00" endTime="2026-08-21T16:00:35.3487680+00:00" testType="13CDC9D9-DDB5-4fa4-A97D-D965CCFC6D4B" outcome="Passed" testListId="8C84FA94-04C1-424b-9868-57A2D4851A1D" relativeResultsDirectory="b1134d9e-0fe8-4bca-b75a-e9423a1d83c4" />
    <UnitTestResult executionId="13ff88c4-db5a-4169-846c-1c9ec22b1d77" testId="492c5d3e-e337-e1d7-cce6-278129be892b" testName="Package_Serilog_401_net60_IncludeVersion(-s)" computerName="sat12-bq152-442534cc-705d-4571-a78c-11cdd086368e-120C364931AA" duration="00:00:04.6426880" startTime="2026-08-21T16:00:31.0053030+00:00" endTime="2026-08-21T16:00:35.6479910+00:00" testType="13CDC9D9-DDB5-4fa4-A97D-D965CCFC6D4B" outcome="Passed" testListId="8C84FA94-04C1-424b-9868-57A2D4851A1D" relativeResultsDirectory="13ff88c4-db5a-4169-846c-1c9ec22b1d77" />
    <UnitTestResult executionId="61844441-5bcf-4af9-bb2a-d695d5c1622b" testId="f3a7c589-6540-69f5-e8ec-8ba7d1c16cd6" testName="Package_DockerRunner_MermaidSvg" computerName="sat12-bq152-442534cc-705d-4571-a78c-11cdd086368e-120C364931AA" duration="00:00:04.4024500" startTime="2026-08-21T16:00:31.2460600+00:00" endTime="2026-08-21T16:00:35.6485100+00:00" testType="13CDC9D9-DDB5-4fa4-A97D-D965CCFC6D4B" outcome="Passed" testListId="8C84FA94-04C1-424b-9868-57A2D4851A1D" relativeResultsDirectory="61844441-5bcf-4af9-bb2a-d695d5c1622b" />
    <UnitTestResult executionId="97494f23-28b8-432a-bd96-91e4e1a0c06e" testId="8996249b-501b-33da-7503-b3d0d0eefbf4" testName="Package_OpenTelemetryAutoInstrumentation_FallbackToNet80TargetFrameworkFromDependencyGroups" computerName="sat12-bq152-442534cc-705d-4571-a78c-11cdd086368e-120C364931AA" duration="00:00:04.0470830" startTime="2026-08-21T16:00:31.6018950+00:00" endTime="2026-08-21T16:00:35.6489780+00:00" testType="13CDC9D9-DDB5-4fa4-A97D-D965CCFC6D4B" outcome="Passed" testListId="8C84FA94-04C1-424b-9868-57A2D4851A1D" relativeResultsDirectory="97494f23-28b8-432a-bd96-91e4e1a0c06e" />
    <UnitTestResult executionId="24190779-8f62-441f-8972-016737db0878" testId="c5c06487-080a-cb0e-b426-abdd0c6f31e6" testName="Package_Serilog_WorkingDirectoryUsingArcadeSdk" computerName="sat12-bq152-442534cc-705d-4571-a78c-11cdd086368e-120C364931AA" duration="00:00:05.8057660" startTime="2026-08-21T16:00:29.8569320+00:00" endTime="2026-08-21T16:00:35.6626980+00:00" testType="13CDC9D9-DDB5-4fa4-A97D-D965CCFC6D4B" outcome="Passed" testListId="8C84FA94-04C1-424b-9868-57A2D4851A1D" relativeResultsDirectory="24190779-8f62-441f-8972-016737db0878" />
    <UnitTestResult executionId="8f0cf5c2-f6b5-4282-b329-77932990bbdf" testId="df67ab51-fe38-41ca-ba42-1d6ee3b43fb9" testName="Package_Serilog_401_net60" computerName="sat12-bq152-442534cc-705d-4571-a78c-11cdd086368e-120C364931AA" duration="00:00:05.2452700" startTime="2026-08-21T16:00:30.4275400+00:00" endTime="2026-08-21T16:00:35.6728100+00:00" testType="13CDC9D9-DDB5-4fa4-A97D-D965CCFC6D4B" outcome="Passed" testListId="8C84FA94-04C1-424b-9868-57A2D4851A1D" relativeResultsDirectory="8f0cf5c2-f6b5-4282-b329-77932990bbdf" />
    <UnitTestResult executionId="c53ced84-99dc-4b34-87e5-bdfada26b801" testId="653c296e-43c6-7555-b8a6-bfd0b91f7662" testName="Package_DockerRunner_GraphvizSvg" computerName="sat12-bq152-442534cc-705d-4571-a78c-11cdd086368e-120C364931AA" duration="00:00:03.1367570" startTime="2026-08-21T16:00:32.6267290+00:00" endTime="2026-08-21T16:00:35.7634860+00:00" testType="13CDC9D9-DDB5-4fa4-A97D-D965CCFC6D4B" outcome="Passed" testListId="8C84FA94-04C1-424b-9868-57A2D4851A1D" relativeResultsDirectory="c53ced84-99dc-4b34-87e5-bdfada26b801" />
  </Results>
  <TestDefinitions>
    <UnitTest name="Help" storage="/users/runner/work/nugraph/nugraph/tests/nugraph.tests/bin/release/net8.0/nugraph.tests.dll" id="561fa2f7-4d3f-4b91-70a0-1ab55eabf1b0">
      <Execution id="eb4e5aab-1461-47ce-a381-7867af8a57ce" />
      <TestMethod codeBase="/Users/runner/work/nugraph/nugraph/tests/nugraph.Tests/bin/Release/net8.0/nugraph.Tests.dll" adapterTypeName="executor://TUnitExtension/1.65.38.0" className="nugraph.Tests.NugraphTests+GlobalTool" name="Help" />
    </UnitTest>
    <UnitTest name="Version" storage="/users/runner/work/nugraph/nugraph/tests/nugraph.tests/bin/release/net8.0/nugraph.tests.dll" id="e73b818d-8458-1f68-2892-8cb90d8636d3">
      <Execution id="958576cf-0ada-4223-9153-999845ae378f" />
      <TestMethod codeBase="/Users/runner/work/nugraph/nugraph/tests/nugraph.Tests/bin/Release/net8.0/nugraph.Tests.dll" adapterTypeName="executor://TUnitExtension/1.65.38.0" className="nugraph.Tests.NugraphTests+GlobalTool" name="Version" />
    </UnitTest>
    <UnitTest name="BadUrlOption" storage="/users/runner/work/nugraph/nugraph/tests/nugraph.tests/bin/release/net8.0/nugraph.tests.dll" id="7fb482d8-99af-e985-650f-2f16e2ef2431">
      <Execution id="66aa29a6-5e8d-422d-a676-85e73a6f18b7" />
      <TestMethod codeBase="/Users/runner/work/nugraph/nugraph/tests/nugraph.Tests/bin/Release/net8.0/nugraph.Tests.dll" adapterTypeName="executor://TUnitExtension/1.65.38.0" className="nugraph.Tests.NugraphTests+GlobalTool" name="BadUrlOption" />
    </UnitTest>
    <UnitTest name="Package_Serilog_UnsupportedTargetFramework(--framework)" storage="/users/runner/work/nugraph/nugraph/tests/nugraph.tests/bin/release/net8.0/nugraph.tests.dll" id="cf57f873-e1ba-aefc-f07a-2b4b4aee6134">
      <Execution id="1db544f3-b4c7-46bb-b620-cdb19eaa1ebf" />
      <TestMethod codeBase="/Users/runner/work/nugraph/nugraph/tests/nugraph.Tests/bin/Release/net8.0/nugraph.Tests.dll" adapterTypeName="executor://TUnitExtension/1.65.38.0" className="nugraph.Tests.NugraphTests+GlobalTool" name="Package_Serilog_UnsupportedTargetFramework" />
    </UnitTest>
    <UnitTest name="Package_Serilog_UnsupportedTargetFramework(-f)" storage="/users/runner/work/nugraph/nugraph/tests/nugraph.tests/bin/release/net8.0/nugraph.tests.dll" id="b1e9cbfd-c027-7d76-b679-f9a8e6242926">
      <Execution id="4c5ef8d6-3398-49d5-aeae-724e394ea360" />
      <TestMethod codeBase="/Users/runner/work/nugraph/nugraph/tests/nugraph.Tests/bin/Release/net8.0/nugraph.Tests.dll" adapterTypeName="executor://TUnitExtension/1.65.38.0" className="nugraph.Tests.NugraphTests+GlobalTool" name="Package_Serilog_UnsupportedTargetFramework" />
    </UnitTest>
    <UnitTest name="Package_DoesNotExist" storage="/users/runner/work/nugraph/nugraph/tests/nugraph.tests/bin/release/net8.0/nugraph.tests.dll" id="af17c6ea-d514-519b-4906-6c062086fa94">
      <Execution id="704b2825-8055-4b0b-9a1a-4f2cbd3c260e" />
      <TestMethod codeBase="/Users/runner/work/nugraph/nugraph/tests/nugraph.Tests/bin/Release/net8.0/nugraph.Tests.dll" adapterTypeName="executor://TUnitExtension/1.65.38.0" className="nugraph.Tests.NugraphTests+GlobalTool" name="Package_DoesNotExist" />
    </UnitTest>
    <UnitTest name="Project_SolutionFile" storage="/users/runner/work/nugraph/nugraph/tests/nugraph.tests/bin/release/net8.0/nugraph.tests.dll" id="1761cd27-c8d8-7c51-a43a-92e2717289de">
      <Execution id="b9d3cd40-a5a6-40bd-a1a5-d1204511b248" />
      <TestMethod codeBase="/Users/runner/work/nugraph/nugraph/tests/nugraph.Tests/bin/Release/net8.0/nugraph.Tests.dll" adapterTypeName="executor://TUnitExtension/1.65.38.0" className="nugraph.Tests.NugraphTests+GlobalTool" name="Project_SolutionFile" />
    </UnitTest>
    <UnitTest name="Diagnose" storage="/users/runner/work/nugraph/nugraph/tests/nugraph.tests/bin/release/net8.0/nugraph.tests.dll" id="6887db62-b5f1-969c-1824-d944a0039d1d">
      <Execution id="100e7bcf-284c-4dcd-a532-585354598a61" />
      <TestMethod codeBase="/Users/runner/work/nugraph/nugraph/tests/nugraph.Tests/bin/Release/net8.0/nugraph.Tests.dll" adapterTypeName="executor://TUnitExtension/1.65.38.0" className="nugraph.Tests.NugraphTests+GlobalTool" name="Diagnose" />
    </UnitTest>
    <UnitTest name="Project_NoProject" storage="/users/runner/work/nugraph/nugraph/tests/nugraph.tests/bin/release/net8.0/nugraph.tests.dll" id="9d054fd2-1ec4-00f3-3f5b-9418e2173bad">
      <Execution id="f5b7ae6e-592a-4c76-8289-ee320f43f7b4" />
      <TestMethod codeBase="/Users/runner/work/nugraph/nugraph/tests/nugraph.Tests/bin/Release/net8.0/nugraph.Tests.dll" adapterTypeName="executor://TUnitExtension/1.65.38.0" className="nugraph.Tests.NugraphTests+GlobalTool" name="Project_NoProject" />
    </UnitTest>
    <UnitTest name="BadUrlOption" storage="/users/runner/work/nugraph/nugraph/tests/nugraph.tests/bin/release/net8.0/nugraph.tests.dll" id="3d8c6802-7925-625b-fabe-a39699254c82">
      <Execution id="6299c324-589b-4c7d-9167-f3420271deb5" />
      <TestMethod codeBase="/Users/runner/work/nugraph/nugraph/tests/nugraph.Tests/bin/Release/net8.0/nugraph.Tests.dll" adapterTypeName="executor://TUnitExtension/1.65.38.0" className="nugraph.Tests.NugraphTests+Program" name="BadUrlOption" />
    </UnitTest>
    <UnitTest name="Project_nugraph_WorkingDirectory" storage="/users/runner/work/nugraph/nugraph/tests/nugraph.tests/bin/release/net8.0/nugraph.tests.dll" id="19d49f7f-36d0-4648-75ec-a8ce92c00e33">
      <Execution id="4cf843a6-dd82-49cc-b0db-b87f9a484a24" />
      <TestMethod codeBase="/Users/runner/work/nugraph/nugraph/tests/nugraph.Tests/bin/Release/net8.0/nugraph.Tests.dll" adapterTypeName="executor://TUnitExtension/1.65.38.0" className="nugraph.Tests.NugraphTests+GlobalTool" name="Project_nugraph_WorkingDirectory" />
    </UnitTest>
    <UnitTest name="Version" storage="/users/runner/work/nugraph/nugraph/tests/nugraph.tests/bin/release/net8.0/nugraph.tests.dll" id="262f6cc0-984a-a9cc-3674-51650c222b43">
      <Execution id="47fa482e-3dd5-4821-9284-0c22e8760eb3" />
      <TestMethod codeBase="/Users/runner/work/nugraph/nugraph/tests/nugraph.Tests/bin/Release/net8.0/nugraph.Tests.dll" adapterTypeName="executor://TUnitExtension/1.65.38.0" className="nugraph.Tests.NugraphTests+Program" name="Version" />
    </UnitTest>
    <UnitTest name="Help" storage="/users/runner/work/nugraph/nugraph/tests/nugraph.tests/bin/release/net8.0/nugraph.tests.dll" id="5572c7d6-c04e-2d0f-25bf-b7cd7adc54d0">
      <Execution id="13eb650b-bdcd-40f0-96eb-7936cdbfa6e9" />
      <TestMethod codeBase="/Users/runner/work/nugraph/nugraph/tests/nugraph.Tests/bin/Release/net8.0/nugraph.Tests.dll" adapterTypeName="executor://TUnitExtension/1.65.38.0" className="nugraph.Tests.NugraphTests+Program" name="Help" />
    </UnitTest>
    <UnitTest name="Project_nugraph_ExplicitDirectory" storage="/users/runner/work/nugraph/nugraph/tests/nugraph.tests/bin/release/net8.0/nugraph.tests.dll" id="3ce3bab3-f73c-6e32-6ad4-847813a78dc2">
      <Execution id="a3f26ef1-c00f-4b26-93ad-6b456341e42a" />
      <TestMethod codeBase="/Users/runner/work/nugraph/nugraph/tests/nugraph.Tests/bin/Release/net8.0/nugraph.Tests.dll" adapterTypeName="executor://TUnitExtension/1.65.38.0" className="nugraph.Tests.NugraphTests+GlobalTool" name="Project_nugraph_ExplicitDirectory" />
    </UnitTest>
    <UnitTest name="Project_mmd_ProjectFile" storage="/users/runner/work/nugraph/nugraph/tests/nugraph.tests/bin/release/net8.0/nugraph.tests.dll" id="2d1b65f6-d8e9-8669-4f96-a681dfe5311b">
      <Execution id="913ccffd-8d5c-4bdc-9d60-74eb41fda612" />
      <TestMethod codeBase="/Users/runner/work/nugraph/nugraph/tests/nugraph.Tests/bin/Release/net8.0/nugraph.Tests.dll" adapterTypeName="executor://TUnitExtension/1.65.38.0" className="nugraph.Tests.NugraphTests+GlobalTool" name="Project_mmd_ProjectFile" />
    </UnitTest>
    <UnitTest name="Project_SolutionFile" storage="/users/runner/work/nugraph/nugraph/tests/nugraph.tests/bin/release/net8.0/nugraph.tests.dll" id="b67766bc-2a11-4968-c2fb-e0c40b67d006">
      <Execution id="cfc7b6da-fd3d-40c9-a3fc-07b50833be76" />
      <TestMethod codeBase="/Users/runner/work/nugraph/nugraph/tests/nugraph.Tests/bin/Release/net8.0/nugraph.Tests.dll" adapterTypeName="executor://TUnitExtension/1.65.38.0" className="nugraph.Tests.NugraphTests+Program" name="Project_SolutionFile" />
    </UnitTest>
    <UnitTest name="Package_Serilog_401_net60_IncludeVersion(-s)" storage="/users/runner/work/nugraph/nugraph/tests/nugraph.tests/bin/release/net8.0/nugraph.tests.dll" id="56a4ca54-7a99-d359-d160-df7fb4b5bc49">
      <Execution id="3756f5c9-ea88-4e65-9c4a-2db2dc38bc5b" />
      <TestMethod codeBase="/Users/runner/work/nugraph/nugraph/tests/nugraph.Tests/bin/Release/net8.0/nugraph.Tests.dll" adapterTypeName="executor://TUnitExtension/1.65.38.0" className="nugraph.Tests.NugraphTests+GlobalTool" name="Package_Serilog_401_net60_IncludeVersion" />
    </UnitTest>
    <UnitTest name="Package_Serilog_401_net60" storage="/users/runner/work/nugraph/nugraph/tests/nugraph.tests/bin/release/net8.0/nugraph.tests.dll" id="0c93f51d-65ab-0462-5b92-4a4138d55efd">
      <Execution id="32f3959f-d075-4f0e-9db5-82c2a9f58cc9" />
      <TestMethod codeBase="/Users/runner/work/nugraph/nugraph/tests/nugraph.Tests/bin/Release/net8.0/nugraph.Tests.dll" adapterTypeName="executor://TUnitExtension/1.65.38.0" className="nugraph.Tests.NugraphTests+GlobalTool" name="Package_Serilog_401_net60" />
    </UnitTest>
    <UnitTest name="Package_Serilog_401_net60_IncludeVersion(--include-version)" storage="/users/runner/work/nugraph/nugraph/tests/nugraph.tests/bin/release/net8.0/nugraph.tests.dll" id="97716bfe-370e-a490-ed25-d4339eeb11b8">
      <Execution id="d5a3fdbc-0948-41b3-a53d-ee9c548abffe" />
      <TestMethod codeBase="/Users/runner/work/nugraph/nugraph/tests/nugraph.Tests/bin/Release/net8.0/nugraph.Tests.dll" adapterTypeName="executor://TUnitExtension/1.65.38.0" className="nugraph.Tests.NugraphTests+GlobalTool" name="Package_Serilog_401_net60_IncludeVersion" />
    </UnitTest>
    <UnitTest name="Project_NoProject" storage="/users/runner/work/nugraph/nugraph/tests/nugraph.tests/bin/release/net8.0/nugraph.tests.dll" id="a4505150-f982-d711-dedd-914e2b414eb4">
      <Execution id="c156c174-dbe3-4588-afe6-32c64f237bb7" />
      <TestMethod codeBase="/Users/runner/work/nugraph/nugraph/tests/nugraph.Tests/bin/Release/net8.0/nugraph.Tests.dll" adapterTypeName="executor://TUnitExtension/1.65.38.0" className="nugraph.Tests.NugraphTests+Program" name="Project_NoProject" />
    </UnitTest>
    <UnitTest name="Package_DockerRunner_MermaidSvg" storage="/users/runner/work/nugraph/nugraph/tests/nugraph.tests/bin/release/net8.0/nugraph.tests.dll" id="a3cf568b-c20f-bfc8-aa1b-5c665fdce458">
      <Execution id="d21cf5cb-8133-413b-b7e8-665148ba7a98" />
      <TestMethod codeBase="/Users/runner/work/nugraph/nugraph/tests/nugraph.Tests/bin/Release/net8.0/nugraph.Tests.dll" adapterTypeName="executor://TUnitExtension/1.65.38.0" className="nugraph.Tests.NugraphTests+GlobalTool" name="Package_DockerRunner_MermaidSvg" />
    </UnitTest>
    <UnitTest name="Package_Serilog" storage="/users/runner/work/nugraph/nugraph/tests/nugraph.tests/bin/release/net8.0/nugraph.tests.dll" id="3a5cb697-7c7e-2a4f-0010-c7fd1dbe052d">
      <Execution id="d14fe731-218c-4f83-b677-c11fdfd71439" />
      <TestMethod codeBase="/Users/runner/work/nugraph/nugraph/tests/nugraph.Tests/bin/Release/net8.0/nugraph.Tests.dll" adapterTypeName="executor://TUnitExtension/1.65.38.0" className="nugraph.Tests.NugraphTests+GlobalTool" name="Package_Serilog" />
    </UnitTest>
    <UnitTest name="Package_Serilog_UnsupportedTargetFramework(--framework)" storage="/users/runner/work/nugraph/nugraph/tests/nugraph.tests/bin/release/net8.0/nugraph.tests.dll" id="3e86130d-7bef-6468-c0dc-6df10b51faa6">
      <Execution id="5201d7e5-70a3-443e-b624-c4b745f4bca3" />
      <TestMethod codeBase="/Users/runner/work/nugraph/nugraph/tests/nugraph.Tests/bin/Release/net8.0/nugraph.Tests.dll" adapterTypeName="executor://TUnitExtension/1.65.38.0" className="nugraph.Tests.NugraphTests+Program" name="Package_Serilog_UnsupportedTargetFramework" />
    </UnitTest>
    <UnitTest name="Package_Serilog_UnsupportedTargetFramework(-f)" storage="/users/runner/work/nugraph/nugraph/tests/nugraph.tests/bin/release/net8.0/nugraph.tests.dll" id="8b122a8e-d644-feb1-9273-23913c85a623">
      <Execution id="37a0fa96-969c-40fb-b0c8-abc768f39881" />
      <TestMethod codeBase="/Users/runner/work/nugraph/nugraph/tests/nugraph.Tests/bin/Release/net8.0/nugraph.Tests.dll" adapterTypeName="executor://TUnitExtension/1.65.38.0" className="nugraph.Tests.NugraphTests+Program" name="Package_Serilog_UnsupportedTargetFramework" />
    </UnitTest>
    <UnitTest name="Package_DockerRunner_GraphvizSvg" storage="/users/runner/work/nugraph/nugraph/tests/nugraph.tests/bin/release/net8.0/nugraph.tests.dll" id="178964fa-1461-35c3-24b4-a271b6a5ced9">
      <Execution id="a805c221-68f9-40d6-b179-f50177813d5b" />
      <TestMethod codeBase="/Users/runner/work/nugraph/nugraph/tests/nugraph.Tests/bin/Release/net8.0/nugraph.Tests.dll" adapterTypeName="executor://TUnitExtension/1.65.38.0" className="nugraph.Tests.NugraphTests+GlobalTool" name="Package_DockerRunner_GraphvizSvg" />
    </UnitTest>
    <UnitTest name="Package_OpenTelemetryAutoInstrumentation_FallbackToNet80TargetFrameworkFromDependencyGroups" storage="/users/runner/work/nugraph/nugraph/tests/nugraph.tests/bin/release/net8.0/nugraph.tests.dll" id="538c90aa-bbb0-df11-6e8d-0179900547f7">
      <Execution id="d7834439-86ec-457e-bb5a-ed690c33b97c" />
      <TestMethod codeBase="/Users/runner/work/nugraph/nugraph/tests/nugraph.Tests/bin/Release/net8.0/nugraph.Tests.dll" adapterTypeName="executor://TUnitExtension/1.65.38.0" className="nugraph.Tests.NugraphTests+GlobalTool" name="Package_OpenTelemetryAutoInstrumentation_FallbackToNet80TargetFrameworkFromDependencyGroups" />
    </UnitTest>
    <UnitTest name="Package_DoesNotExist" storage="/users/runner/work/nugraph/nugraph/tests/nugraph.tests/bin/release/net8.0/nugraph.tests.dll" id="3f09aeba-70b6-16a1-eb44-178dab4c6ba2">
      <Execution id="ad88593f-b1cc-4913-a6f9-ee06128fb4d9" />
      <TestMethod codeBase="/Users/runner/work/nugraph/nugraph/tests/nugraph.Tests/bin/Release/net8.0/nugraph.Tests.dll" adapterTypeName="executor://TUnitExtension/1.65.38.0" className="nugraph.Tests.NugraphTests+Program" name="Package_DoesNotExist" />
    </UnitTest>
    <UnitTest name="Package_Serilog_WorkingDirectoryUsingArcadeSdk" storage="/users/runner/work/nugraph/nugraph/tests/nugraph.tests/bin/release/net8.0/nugraph.tests.dll" id="5b59d449-87c4-25d3-8d3e-715e38f3da0d">
      <Execution id="406a9929-7e90-43d5-b178-c68d4f756ffe" />
      <TestMethod codeBase="/Users/runner/work/nugraph/nugraph/tests/nugraph.Tests/bin/Release/net8.0/nugraph.Tests.dll" adapterTypeName="executor://TUnitExtension/1.65.38.0" className="nugraph.Tests.NugraphTests+GlobalTool" name="Package_Serilog_WorkingDirectoryUsingArcadeSdk" />
    </UnitTest>
    <UnitTest name="Diagnose" storage="/users/runner/work/nugraph/nugraph/tests/nugraph.tests/bin/release/net8.0/nugraph.tests.dll" id="d0fab63e-0c02-1aa2-f0d3-b577f0032fd4">
      <Execution id="80eda04a-6f88-4702-9d7a-096bd8b328f2" />
      <TestMethod codeBase="/Users/runner/work/nugraph/nugraph/tests/nugraph.Tests/bin/Release/net8.0/nugraph.Tests.dll" adapterTypeName="executor://TUnitExtension/1.65.38.0" className="nugraph.Tests.NugraphTests+Program" name="Diagnose" />
    </UnitTest>
    <UnitTest name="Package_Serilog_401_net60_IncludeVersion(--include-version)" storage="/users/runner/work/nugraph/nugraph/tests/nugraph.tests/bin/release/net8.0/nugraph.tests.dll" id="26c80844-ec2e-3571-8693-08542b20a91e">
      <Execution id="f29e55b2-3d5a-476e-959c-d43c34f99233" />
      <TestMethod codeBase="/Users/runner/work/nugraph/nugraph/tests/nugraph.Tests/bin/Release/net8.0/nugraph.Tests.dll" adapterTypeName="executor://TUnitExtension/1.65.38.0" className="nugraph.Tests.NugraphTests+Program" name="Package_Serilog_401_net60_IncludeVersion" />
    </UnitTest>
    <UnitTest name="Project_nugraph_ExplicitDirectory" storage="/users/runner/work/nugraph/nugraph/tests/nugraph.tests/bin/release/net8.0/nugraph.tests.dll" id="e2e72203-7b11-4eb7-d6ca-8b4383f80a33">
      <Execution id="666c4c1b-0aa2-4dd7-9599-8bf748da55af" />
      <TestMethod codeBase="/Users/runner/work/nugraph/nugraph/tests/nugraph.Tests/bin/Release/net8.0/nugraph.Tests.dll" adapterTypeName="executor://TUnitExtension/1.65.38.0" className="nugraph.Tests.NugraphTests+Program" name="Project_nugraph_ExplicitDirectory" />
    </UnitTest>
    <UnitTest name="Package_Serilog" storage="/users/runner/work/nugraph/nugraph/tests/nugraph.tests/bin/release/net8.0/nugraph.tests.dll" id="76728aaa-66cc-4262-57a0-dd80a114ad9e">
      <Execution id="40a64941-bb1f-4e68-8db5-3c83521f0626" />
      <TestMethod codeBase="/Users/runner/work/nugraph/nugraph/tests/nugraph.Tests/bin/Release/net8.0/nugraph.Tests.dll" adapterTypeName="executor://TUnitExtension/1.65.38.0" className="nugraph.Tests.NugraphTests+Program" name="Package_Serilog" />
    </UnitTest>
    <UnitTest name="Project_nugraph_WorkingDirectory" storage="/users/runner/work/nugraph/nugraph/tests/nugraph.tests/bin/release/net8.0/nugraph.tests.dll" id="d9ff7c9c-9294-f9d4-0e25-42a44ec0a8ce">
      <Execution id="e9ece8b0-36d1-4afe-8cca-a6d583accd9a" />
      <TestMethod codeBase="/Users/runner/work/nugraph/nugraph/tests/nugraph.Tests/bin/Release/net8.0/nugraph.Tests.dll" adapterTypeName="executor://TUnitExtension/1.65.38.0" className="nugraph.Tests.NugraphTests+Program" name="Project_nugraph_WorkingDirectory" />
    </UnitTest>
    <UnitTest name="Project_mmd_ProjectFile" storage="/users/runner/work/nugraph/nugraph/tests/nugraph.tests/bin/release/net8.0/nugraph.tests.dll" id="00b48606-5f00-b3f5-02f3-46956bbf37dd">
      <Execution id="b1134d9e-0fe8-4bca-b75a-e9423a1d83c4" />
      <TestMethod codeBase="/Users/runner/work/nugraph/nugraph/tests/nugraph.Tests/bin/Release/net8.0/nugraph.Tests.dll" adapterTypeName="executor://TUnitExtension/1.65.38.0" className="nugraph.Tests.NugraphTests+Program" name="Project_mmd_ProjectFile" />
    </UnitTest>
    <UnitTest name="Package_Serilog_401_net60_IncludeVersion(-s)" storage="/users/runner/work/nugraph/nugraph/tests/nugraph.tests/bin/release/net8.0/nugraph.tests.dll" id="492c5d3e-e337-e1d7-cce6-278129be892b">
      <Execution id="13ff88c4-db5a-4169-846c-1c9ec22b1d77" />
      <TestMethod codeBase="/Users/runner/work/nugraph/nugraph/tests/nugraph.Tests/bin/Release/net8.0/nugraph.Tests.dll" adapterTypeName="executor://TUnitExtension/1.65.38.0" className="nugraph.Tests.NugraphTests+Program" name="Package_Serilog_401_net60_IncludeVersion" />
    </UnitTest>
    <UnitTest name="Package_DockerRunner_MermaidSvg" storage="/users/runner/work/nugraph/nugraph/tests/nugraph.tests/bin/release/net8.0/nugraph.tests.dll" id="f3a7c589-6540-69f5-e8ec-8ba7d1c16cd6">
      <Execution id="61844441-5bcf-4af9-bb2a-d695d5c1622b" />
      <TestMethod codeBase="/Users/runner/work/nugraph/nugraph/tests/nugraph.Tests/bin/Release/net8.0/nugraph.Tests.dll" adapterTypeName="executor://TUnitExtension/1.65.38.0" className="nugraph.Tests.NugraphTests+Program" name="Package_DockerRunner_MermaidSvg" />
    </UnitTest>
    <UnitTest name="Package_OpenTelemetryAutoInstrumentation_FallbackToNet80TargetFrameworkFromDependencyGroups" storage="/users/runner/work/nugraph/nugraph/tests/nugraph.tests/bin/release/net8.0/nugraph.tests.dll" id="8996249b-501b-33da-7503-b3d0d0eefbf4">
      <Execution id="97494f23-28b8-432a-bd96-91e4e1a0c06e" />
      <TestMethod codeBase="/Users/runner/work/nugraph/nugraph/tests/nugraph.Tests/bin/Release/net8.0/nugraph.Tests.dll" adapterTypeName="executor://TUnitExtension/1.65.38.0" className="nugraph.Tests.NugraphTests+Program" name="Package_OpenTelemetryAutoInstrumentation_FallbackToNet80TargetFrameworkFromDependencyGroups" />
    </UnitTest>
    <UnitTest name="Package_Serilog_WorkingDirectoryUsingArcadeSdk" storage="/users/runner/work/nugraph/nugraph/tests/nugraph.tests/bin/release/net8.0/nugraph.tests.dll" id="c5c06487-080a-cb0e-b426-abdd0c6f31e6">
      <Execution id="24190779-8f62-441f-8972-016737db0878" />
      <TestMethod codeBase="/Users/runner/work/nugraph/nugraph/tests/nugraph.Tests/bin/Release/net8.0/nugraph.Tests.dll" adapterTypeName="executor://TUnitExtension/1.65.38.0" className="nugraph.Tests.NugraphTests+Program" name="Package_Serilog_WorkingDirectoryUsingArcadeSdk" />
    </UnitTest>
    <UnitTest name="Package_Serilog_401_net60" storage="/users/runner/work/nugraph/nugraph/tests/nugraph.tests/bin/release/net8.0/nugraph.tests.dll" id="df67ab51-fe38-41ca-ba42-1d6ee3b43fb9">
      <Execution id="8f0cf5c2-f6b5-4282-b329-77932990bbdf" />
      <TestMethod codeBase="/Users/runner/work/nugraph/nugraph/tests/nugraph.Tests/bin/Release/net8.0/nugraph.Tests.dll" adapterTypeName="executor://TUnitExtension/1.65.38.0" className="nugraph.Tests.NugraphTests+Program" name="Package_Serilog_401_net60" />
    </UnitTest>
    <UnitTest name="Package_DockerRunner_GraphvizSvg" storage="/users/runner/work/nugraph/nugraph/tests/nugraph.tests/bin/release/net8.0/nugraph.tests.dll" id="653c296e-43c6-7555-b8a6-bfd0b91f7662">
      <Execution id="c53ced84-99dc-4b34-87e5-bdfada26b801" />
      <TestMethod codeBase="/Users/runner/work/nugraph/nugraph/tests/nugraph.Tests/bin/Release/net8.0/nugraph.Tests.dll" adapterTypeName="executor://TUnitExtension/1.65.38.0" className="nugraph.Tests.NugraphTests+Program" name="Package_DockerRunner_GraphvizSvg" />
    </UnitTest>
  </TestDefinitions>
  <TestEntries>
    <TestEntry testId="561fa2f7-4d3f-4b91-70a0-1ab55eabf1b0" executionId="eb4e5aab-1461-47ce-a381-7867af8a57ce" testListId="8C84FA94-04C1-424b-9868-57A2D4851A1D" />
    <TestEntry testId="e73b818d-8458-1f68-2892-8cb90d8636d3" executionId="958576cf-0ada-4223-9153-999845ae378f" testListId="8C84FA94-04C1-424b-9868-57A2D4851A1D" />
    <TestEntry testId="7fb482d8-99af-e985-650f-2f16e2ef2431" executionId="66aa29a6-5e8d-422d-a676-85e73a6f18b7" testListId="8C84FA94-04C1-424b-9868-57A2D4851A1D" />
    <TestEntry testId="cf57f873-e1ba-aefc-f07a-2b4b4aee6134" executionId="1db544f3-b4c7-46bb-b620-cdb19eaa1ebf" testListId="8C84FA94-04C1-424b-9868-57A2D4851A1D" />
    <TestEntry testId="b1e9cbfd-c027-7d76-b679-f9a8e6242926" executionId="4c5ef8d6-3398-49d5-aeae-724e394ea360" testListId="8C84FA94-04C1-424b-9868-57A2D4851A1D" />
    <TestEntry testId="af17c6ea-d514-519b-4906-6c062086fa94" executionId="704b2825-8055-4b0b-9a1a-4f2cbd3c260e" testListId="8C84FA94-04C1-424b-9868-57A2D4851A1D" />
    <TestEntry testId="1761cd27-c8d8-7c51-a43a-92e2717289de" executionId="b9d3cd40-a5a6-40bd-a1a5-d1204511b248" testListId="8C84FA94-04C1-424b-9868-57A2D4851A1D" />
    <TestEntry testId="6887db62-b5f1-969c-1824-d944a0039d1d" executionId="100e7bcf-284c-4dcd-a532-585354598a61" testListId="8C84FA94-04C1-424b-9868-57A2D4851A1D" />
    <TestEntry testId="9d054fd2-1ec4-00f3-3f5b-9418e2173bad" executionId="f5b7ae6e-592a-4c76-8289-ee320f43f7b4" testListId="8C84FA94-04C1-424b-9868-57A2D4851A1D" />
    <TestEntry testId="3d8c6802-7925-625b-fabe-a39699254c82" executionId="6299c324-589b-4c7d-9167-f3420271deb5" testListId="8C84FA94-04C1-424b-9868-57A2D4851A1D" />
    <TestEntry testId="19d49f7f-36d0-4648-75ec-a8ce92c00e33" executionId="4cf843a6-dd82-49cc-b0db-b87f9a484a24" testListId="8C84FA94-04C1-424b-9868-57A2D4851A1D" />
    <TestEntry testId="262f6cc0-984a-a9cc-3674-51650c222b43" executionId="47fa482e-3dd5-4821-9284-0c22e8760eb3" testListId="8C84FA94-04C1-424b-9868-57A2D4851A1D" />
    <TestEntry testId="5572c7d6-c04e-2d0f-25bf-b7cd7adc54d0" executionId="13eb650b-bdcd-40f0-96eb-7936cdbfa6e9" testListId="8C84FA94-04C1-424b-9868-57A2D4851A1D" />
    <TestEntry testId="3ce3bab3-f73c-6e32-6ad4-847813a78dc2" executionId="a3f26ef1-c00f-4b26-93ad-6b456341e42a" testListId="8C84FA94-04C1-424b-9868-57A2D4851A1D" />
    <TestEntry testId="2d1b65f6-d8e9-8669-4f96-a681dfe5311b" executionId="913ccffd-8d5c-4bdc-9d60-74eb41fda612" testListId="8C84FA94-04C1-424b-9868-57A2D4851A1D" />
    <TestEntry testId="b67766bc-2a11-4968-c2fb-e0c40b67d006" executionId="cfc7b6da-fd3d-40c9-a3fc-07b50833be76" testListId="8C84FA94-04C1-424b-9868-57A2D4851A1D" />
    <TestEntry testId="56a4ca54-7a99-d359-d160-df7fb4b5bc49" executionId="3756f5c9-ea88-4e65-9c4a-2db2dc38bc5b" testListId="8C84FA94-04C1-424b-9868-57A2D4851A1D" />
    <TestEntry testId="0c93f51d-65ab-0462-5b92-4a4138d55efd" executionId="32f3959f-d075-4f0e-9db5-82c2a9f58cc9" testListId="8C84FA94-04C1-424b-9868-57A2D4851A1D" />
    <TestEntry testId="97716bfe-370e-a490-ed25-d4339eeb11b8" executionId="d5a3fdbc-0948-41b3-a53d-ee9c548abffe" testListId="8C84FA94-04C1-424b-9868-57A2D4851A1D" />
    <TestEntry testId="a4505150-f982-d711-dedd-914e2b414eb4" executionId="c156c174-dbe3-4588-afe6-32c64f237bb7" testListId="8C84FA94-04C1-424b-9868-57A2D4851A1D" />
    <TestEntry testId="a3cf568b-c20f-bfc8-aa1b-5c665fdce458" executionId="d21cf5cb-8133-413b-b7e8-665148ba7a98" testListId="8C84FA94-04C1-424b-9868-57A2D4851A1D" />
    <TestEntry testId="3a5cb697-7c7e-2a4f-0010-c7fd1dbe052d" executionId="d14fe731-218c-4f83-b677-c11fdfd71439" testListId="8C84FA94-04C1-424b-9868-57A2D4851A1D" />
    <TestEntry testId="3e86130d-7bef-6468-c0dc-6df10b51faa6" executionId="5201d7e5-70a3-443e-b624-c4b745f4bca3" testListId="8C84FA94-04C1-424b-9868-57A2D4851A1D" />
    <TestEntry testId="8b122a8e-d644-feb1-9273-23913c85a623" executionId="37a0fa96-969c-40fb-b0c8-abc768f39881" testListId="8C84FA94-04C1-424b-9868-57A2D4851A1D" />
    <TestEntry testId="178964fa-1461-35c3-24b4-a271b6a5ced9" executionId="a805c221-68f9-40d6-b179-f50177813d5b" testListId="8C84FA94-04C1-424b-9868-57A2D4851A1D" />
    <TestEntry testId="538c90aa-bbb0-df11-6e8d-0179900547f7" executionId="d7834439-86ec-457e-bb5a-ed690c33b97c" testListId="8C84FA94-04C1-424b-9868-57A2D4851A1D" />
    <TestEntry testId="3f09aeba-70b6-16a1-eb44-178dab4c6ba2" executionId="ad88593f-b1cc-4913-a6f9-ee06128fb4d9" testListId="8C84FA94-04C1-424b-9868-57A2D4851A1D" />
    <TestEntry testId="5b59d449-87c4-25d3-8d3e-715e38f3da0d" executionId="406a9929-7e90-43d5-b178-c68d4f756ffe" testListId="8C84FA94-04C1-424b-9868-57A2D4851A1D" />
    <TestEntry testId="d0fab63e-0c02-1aa2-f0d3-b577f0032fd4" executionId="80eda04a-6f88-4702-9d7a-096bd8b328f2" testListId="8C84FA94-04C1-424b-9868-57A2D4851A1D" />
    <TestEntry testId="26c80844-ec2e-3571-8693-08542b20a91e" executionId="f29e55b2-3d5a-476e-959c-d43c34f99233" testListId="8C84FA94-04C1-424b-9868-57A2D4851A1D" />
    <TestEntry testId="e2e72203-7b11-4eb7-d6ca-8b4383f80a33" executionId="666c4c1b-0aa2-4dd7-9599-8bf748da55af" testListId="8C84FA94-04C1-424b-9868-57A2D4851A1D" />
    <TestEntry testId="76728aaa-66cc-4262-57a0-dd80a114ad9e" executionId="40a64941-bb1f-4e68-8db5-3c83521f0626" testListId="8C84FA94-04C1-424b-9868-57A2D4851A1D" />
    <TestEntry testId="d9ff7c9c-9294-f9d4-0e25-42a44ec0a8ce" executionId="e9ece8b0-36d1-4afe-8cca-a6d583accd9a" testListId="8C84FA94-04C1-424b-9868-57A2D4851A1D" />
    <TestEntry testId="00b48606-5f00-b3f5-02f3-46956bbf37dd" executionId="b1134d9e-0fe8-4bca-b75a-e9423a1d83c4" testListId="8C84FA94-04C1-424b-9868-57A2D4851A1D" />
    <TestEntry testId="492c5d3e-e337-e1d7-cce6-278129be892b" executionId="13ff88c4-db5a-4169-846c-1c9ec22b1d77" testListId="8C84FA94-04C1-424b-9868-57A2D4851A1D" />
    <TestEntry testId="f3a7c589-6540-69f5-e8ec-8ba7d1c16cd6" executionId="61844441-5bcf-4af9-bb2a-d695d5c1622b" testListId="8C84FA94-04C1-424b-9868-57A2D4851A1D" />
    <TestEntry testId="8996249b-501b-33da-7503-b3d0d0eefbf4" executionId="97494f23-28b8-432a-bd96-91e4e1a0c06e" testListId="8C84FA94-04C1-424b-9868-57A2D4851A1D" />
    <TestEntry testId="c5c06487-080a-cb0e-b426-abdd0c6f31e6" executionId="24190779-8f62-441f-8972-016737db0878" testListId="8C84FA94-04C1-424b-9868-57A2D4851A1D" />
    <TestEntry testId="df67ab51-fe38-41ca-ba42-1d6ee3b43fb9" executionId="8f0cf5c2-f6b5-4282-b329-77932990bbdf" testListId="8C84FA94-04C1-424b-9868-57A2D4851A1D" />
    <TestEntry testId="653c296e-43c6-7555-b8a6-bfd0b91f7662" executionId="c53ced84-99dc-4b34-87e5-bdfada26b801" testListId="8C84FA94-04C1-424b-9868-57A2D4851A1D" />
  </TestEntries>
  <TestLists>
    <TestList name="Results Not in a List" id="8C84FA94-04C1-424b-9868-57A2D4851A1D" />
    <TestList name="All Loaded Results" id="19431567-8539-422a-85d7-44ee4e166bda" />
  </TestLists>
  <ResultSummary outcome="Completed">
    <Counters total="40" executed="40" passed="40" failed="0" error="0" timeout="0" aborted="0" inconclusive="0" passedButRunAborted="0" notRunnable="0" notExecuted="0" disconnected="0" warning="0" completed="0" inProgress="0" pending="0" />
    <CollectorDataEntries>
      <Collector agentName="sat12-bq152-442534cc-705d-4571-a78c-11cdd086368e-120C364931AA" uri="datacollector://TUnitExtensionHtmlReporter/1.65.38.0" collectorDisplayName="TUnit">
        <UriAttachments>
          <UriAttachment>
            <A href="sat12-bq152-442534cc-705d-4571-a78c-11cdd086368e-120C364931AA/nugraph.Tests-macos-net8.0-report.html" />
          </UriAttachment>
        </UriAttachments>
      </Collector>
    </CollectorDataEntries>
  </ResultSummary>
</TestRun>